This is pdfTeX, Version 3.141592653-2.6-1.40.25 (MiKTeX 23.10) (preloaded format=pdflatex 2024.3.18)  18 MAR 2024 18:56
entering extended mode
 restricted \write18 enabled.
 %&-line parsing enabled.
**./latex_output.tex
(latex_output.tex
LaTeX2e <2023-06-01> patch level 1
L3 programming layer <2023-08-29>

(C:\Users\Пользователь\AppData\Local\Programs\MiKTeX\tex/latex/base
\article.cls
Document Class: article 2023/05/17 v1.4n Standard LaTeX document class

(C:\Users\Пользователь\AppData\Local\Programs\MiKTeX\tex/latex/base
\size10.clo
File: size10.clo 2023/05/17 v1.4n Standard LaTeX file (size option)
)
\c@part=\count185
\c@section=\count186
\c@subsection=\count187
\c@subsubsection=\count188
\c@paragraph=\count189
\c@subparagraph=\count190
\c@figure=\count191
\c@table=\count192
\abovecaptionskip=\skip48
\belowcaptionskip=\skip49
\bibindent=\dimen140
)
(C:\Users\Пользователь\AppData\Local\Programs\MiKTeX\tex/latex/grap
hics\graphicx.sty
Package: graphicx 2021/09/16 v1.2d Enhanced LaTeX Graphics (DPC,SPQR)

(C:\Users\Пользователь\AppData\Local\Programs\MiKTeX\tex/latex/grap
hics\keyval.sty
Package: keyval 2022/05/29 v1.15 key=value parser (DPC)
\KV@toks@=\toks17
)
(C:\Users\Пользователь\AppData\Local\Programs\MiKTeX\tex/latex/grap
hics\graphics.sty
Package: graphics 2022/03/10 v1.4e Standard LaTeX Graphics (DPC,SPQR)

(C:\Users\Пользователь\AppData\Local\Programs\MiKTeX\tex/latex/grap
hics\trig.sty
Package: trig 2021/08/11 v1.11 sin cos tan (DPC)
)
(C:\Users\Пользователь\AppData\Local\Programs\MiKTeX\tex/latex/grap
hics-cfg\graphics.cfg
File: graphics.cfg 2016/06/04 v1.11 sample graphics configuration
)
Package graphics Info: Driver file: pdftex.def on input line 107.

(C:\Users\Пользователь\AppData\Local\Programs\MiKTeX\tex/latex/grap
hics-def\pdftex.def
File: pdftex.def 2022/09/22 v1.2b Graphics/color driver for pdftex
))
\Gin@req@height=\dimen141
\Gin@req@width=\dimen142
)
(C:\Users\Пользователь\AppData\Local\Programs\MiKTeX\tex/latex/l3ba
ckend\l3backend-pdftex.def
File: l3backend-pdftex.def 2023-04-19 L3 backend support: PDF output (pdfTeX)
\l__color_backend_stack_int=\count193
\l__pdf_internal_box=\box51
)
No file latex_output.aux.
\openout1 = `latex_output.aux'.

LaTeX Font Info:    Checking defaults for OML/cmm/m/it on input line 3.
LaTeX Font Info:    ... okay on input line 3.
LaTeX Font Info:    Checking defaults for OMS/cmsy/m/n on input line 3.
LaTeX Font Info:    ... okay on input line 3.
LaTeX Font Info:    Checking defaults for OT1/cmr/m/n on input line 3.
LaTeX Font Info:    ... okay on input line 3.
LaTeX Font Info:    Checking defaults for T1/cmr/m/n on input line 3.
LaTeX Font Info:    ... okay on input line 3.
LaTeX Font Info:    Checking defaults for TS1/cmr/m/n on input line 3.
LaTeX Font Info:    ... okay on input line 3.
LaTeX Font Info:    Checking defaults for OMX/cmex/m/n on input line 3.
LaTeX Font Info:    ... okay on input line 3.
LaTeX Font Info:    Checking defaults for U/cmr/m/n on input line 3.
LaTeX Font Info:    ... okay on input line 3.

(C:\Users\Пользователь\AppData\Local\Programs\MiKTeX\tex/context/ba
se/mkii\supp-pdf.mkii
[Loading MPS to PDF converter (version 2006.09.02).]
\scratchcounter=\count194
\scratchdimen=\dimen143
\scratchbox=\box52
\nofMPsegments=\count195
\nofMParguments=\count196
\everyMPshowfont=\toks18
\MPscratchCnt=\count197
\MPscratchDim=\dimen144
\MPnumerator=\count198
\makeMPintoPDFobject=\count199
\everyMPtoPDFconversion=\toks19
)
(C:\Users\Пользователь\AppData\Local\Programs\MiKTeX\tex/latex/epst
opdf-pkg\epstopdf-base.sty
Package: epstopdf-base 2020-01-24 v2.11 Base part for package epstopdf
Package epstopdf-base Info: Redefining graphics rule for `.eps' on input line 4
85.

(C:\Users\Пользователь\AppData\Local\Programs\MiKTeX\tex/latex/00mi
ktex\epstopdf-sys.cfg
File: epstopdf-sys.cfg 2021/03/18 v2.0 Configuration of epstopdf for MiKTeX
))
LaTeX Font Info:    External font `cmex10' loaded for size
(Font)              <7> on input line 4.
LaTeX Font Info:    External font `cmex10' loaded for size
(Font)              <5> on input line 4.
<C:/Downloads/Python_hw/2/2_2/hamster.PNG, id=1, 472.76625pt x 472.76625pt>
File: C:/Downloads/Python_hw/2/2_2/hamster.PNG Graphic file (type png)
<use C:/Downloads/Python_hw/2/2_2/hamster.PNG>
Package pdftex.def Info: C:/Downloads/Python_hw/2/2_2/hamster.PNG  used on inpu
t line 17.
(pdftex.def)             Requested size: 472.76509pt x 472.76509pt.

Overfull \hbox (127.76509pt too wide) in paragraph at lines 17--18
 [][] 
 []


Overfull \hbox (20.63954pt too wide) in paragraph at lines 4--19
[][]
 []

[1

{C:/Users/Пользователь/AppData/Local/MiKTeX/fonts/map/pdftex/pdftex
.map}] [2 <C:/Downloads/Python_hw/2/2_2/hamster.PNG>] (latex_output.aux)
 ***********
LaTeX2e <2023-06-01> patch level 1
L3 programming layer <2023-08-29>
 ***********
 ) 
Here is how much of TeX's memory you used:
 1273 strings out of 475247
 22176 string characters out of 5748824
 1919785 words of memory out of 5000000
 22848 multiletter control sequences out of 15000+600000
 558069 words of font info for 36 fonts, out of 8000000 for 9000
 1141 hyphenation exceptions out of 8191
 57i,7n,65p,207b,218s stack positions out of 10000i,1000n,20000p,200000b,200000s
<C:/Users/Пользователь/AppData/Local/Programs/MiKTeX/fonts/type1/
public/amsfonts/cm/cmr10.pfb>
Output written on latex_output.pdf (2 pages, 476498 bytes).
PDF statistics:
 17 PDF objects out of 1000 (max. 8388607)
 0 named destinations out of 1000 (max. 500000)
 6 words of extra memory for PDF output out of 10000 (max. 10000000)

